[main] INFO org.rest.Respector.EndPointRecog.PreprocessFramework - The REST API uses JAX
[main] INFO org.rest.Respector.AppMain.MainTransform - total # of endpoint methods detected: 51
[main] INFO org.rest.Respector.AppMain.MainTransform - 1/51 analyzing endpoint method <com.datastax.mgmtapi.resources.v1.TableOpsResources: javax.ws.rs.core.Response scrub(com.datastax.mgmtapi.resources.models.ScrubRequest)>
[main] INFO org.rest.Respector.AppMain.MainTransform - total number of endpoint parameters for this method detected: 0
[main] INFO org.rest.Respector.AppMain.MainTransform - 2/51 analyzing endpoint method <com.datastax.mgmtapi.resources.v1.TableOpsResources: javax.ws.rs.core.Response upgradeSSTables(boolean,com.datastax.mgmtapi.resources.models.KeyspaceRequest)>
[main] INFO org.rest.Respector.AppMain.MainTransform - total number of endpoint parameters for this method detected: 1
[main] INFO org.rest.Respector.AppMain.MainTransform - 3/51 analyzing endpoint method <com.datastax.mgmtapi.resources.v1.TableOpsResources: javax.ws.rs.core.Response compact(com.datastax.mgmtapi.resources.models.CompactRequest)>
[main] INFO org.rest.Respector.AppMain.MainTransform - total number of endpoint parameters for this method detected: 0
[main] INFO org.rest.Respector.AppMain.MainTransform - 4/51 analyzing endpoint method <com.datastax.mgmtapi.resources.v1.NodeOpsResources: javax.ws.rs.core.Response decommission(boolean)>
[main] INFO org.rest.Respector.AppMain.MainTransform - total number of endpoint parameters for this method detected: 1
[main] INFO org.rest.Respector.AppMain.MainTransform - 5/51 analyzing endpoint method <com.datastax.mgmtapi.resources.v1.NodeOpsResources: javax.ws.rs.core.Response rebuild(java.lang.String)>
[main] INFO org.rest.Respector.AppMain.MainTransform - total number of endpoint parameters for this method detected: 1
[main] INFO org.rest.Respector.AppMain.MainTransform - 6/51 analyzing endpoint method <com.datastax.mgmtapi.resources.v1.NodeOpsResources: javax.ws.rs.core.Response schemaVersions()>
[main] INFO org.rest.Respector.AppMain.MainTransform - total number of endpoint parameters for this method detected: 0
[main] INFO org.rest.Respector.AppMain.MainTransform - 7/51 analyzing endpoint method <com.datastax.mgmtapi.resources.v1.KeyspaceOpsResources: javax.ws.rs.core.Response cleanup(com.datastax.mgmtapi.resources.models.KeyspaceRequest)>
[main] INFO org.rest.Respector.AppMain.MainTransform - total number of endpoint parameters for this method detected: 0
[main] INFO org.rest.Respector.AppMain.MainTransform - 8/51 analyzing endpoint method <com.datastax.mgmtapi.resources.TableOpsResources: javax.ws.rs.core.Response scrub(com.datastax.mgmtapi.resources.models.ScrubRequest)>
[main] INFO org.rest.Respector.AppMain.MainTransform - total number of endpoint parameters for this method detected: 0
[main] INFO org.rest.Respector.AppMain.MainTransform - 9/51 analyzing endpoint method <com.datastax.mgmtapi.resources.TableOpsResources: javax.ws.rs.core.Response upgradeSSTables(boolean,com.datastax.mgmtapi.resources.models.KeyspaceRequest)>
[main] INFO org.rest.Respector.AppMain.MainTransform - total number of endpoint parameters for this method detected: 1
[main] INFO org.rest.Respector.AppMain.MainTransform - 10/51 analyzing endpoint method <com.datastax.mgmtapi.resources.TableOpsResources: javax.ws.rs.core.Response compact(com.datastax.mgmtapi.resources.models.CompactRequest)>
[main] INFO org.rest.Respector.AppMain.MainTransform - total number of endpoint parameters for this method detected: 0
[main] INFO org.rest.Respector.AppMain.MainTransform - 11/51 analyzing endpoint method <com.datastax.mgmtapi.resources.TableOpsResources: javax.ws.rs.core.Response garbageCollect(java.lang.String,com.datastax.mgmtapi.resources.models.KeyspaceRequest)>
[main] INFO org.rest.Respector.AppMain.MainTransform - total number of endpoint parameters for this method detected: 1
[main] INFO org.rest.Respector.AppMain.MainTransform - 12/51 analyzing endpoint method <com.datastax.mgmtapi.resources.TableOpsResources: javax.ws.rs.core.Response flush(com.datastax.mgmtapi.resources.models.KeyspaceRequest)>
[main] INFO org.rest.Respector.AppMain.MainTransform - total number of endpoint parameters for this method detected: 0
[main] INFO org.rest.Respector.AppMain.MainTransform - 13/51 analyzing endpoint method <com.datastax.mgmtapi.resources.TableOpsResources: javax.ws.rs.core.Response list(java.lang.String)>
[main] INFO org.rest.Respector.AppMain.MainTransform - total number of endpoint parameters for this method detected: 1
[main] INFO org.rest.Respector.AppMain.MainTransform - 14/51 analyzing endpoint method <com.datastax.mgmtapi.resources.TableOpsResources: javax.ws.rs.core.Response create(com.datastax.mgmtapi.resources.models.CreateTableRequest)>
[main] INFO org.rest.Respector.AppMain.MainTransform - total number of endpoint parameters for this method detected: 0
[main] INFO org.rest.Respector.AppMain.MainTransform - 15/51 analyzing endpoint method <com.datastax.mgmtapi.resources.NodeOpsResources: javax.ws.rs.core.Response decommission(boolean)>
[main] INFO org.rest.Respector.AppMain.MainTransform - total number of endpoint parameters for this method detected: 1
[main] INFO org.rest.Respector.AppMain.MainTransform - 16/51 analyzing endpoint method <com.datastax.mgmtapi.resources.NodeOpsResources: javax.ws.rs.core.Response setCompactionThroughput(int)>
[main] INFO org.rest.Respector.AppMain.MainTransform - total number of endpoint parameters for this method detected: 1
[main] INFO org.rest.Respector.AppMain.MainTransform - 17/51 analyzing endpoint method <com.datastax.mgmtapi.resources.NodeOpsResources: javax.ws.rs.core.Response assassinate(java.lang.String)>
[main] INFO org.rest.Respector.AppMain.MainTransform - total number of endpoint parameters for this method detected: 1
[main] INFO org.rest.Respector.AppMain.MainTransform - 18/51 analyzing endpoint method <com.datastax.mgmtapi.resources.NodeOpsResources: javax.ws.rs.core.Response setLoggingLevel(java.lang.String,java.lang.String)>
[main] INFO org.rest.Respector.AppMain.MainTransform - total number of endpoint parameters for this method detected: 2
[main] INFO org.rest.Respector.AppMain.MainTransform - 19/51 analyzing endpoint method <com.datastax.mgmtapi.resources.NodeOpsResources: javax.ws.rs.core.Response drain()>
[main] INFO org.rest.Respector.AppMain.MainTransform - total number of endpoint parameters for this method detected: 0
[main] INFO org.rest.Respector.AppMain.MainTransform - 20/51 analyzing endpoint method <com.datastax.mgmtapi.resources.NodeOpsResources: javax.ws.rs.core.Response truncateHints(java.lang.String)>
[main] INFO org.rest.Respector.AppMain.MainTransform - total number of endpoint parameters for this method detected: 1
[main] INFO org.rest.Respector.AppMain.MainTransform - 21/51 analyzing endpoint method <com.datastax.mgmtapi.resources.NodeOpsResources: javax.ws.rs.core.Response resetLocalSchema()>
[main] INFO org.rest.Respector.AppMain.MainTransform - total number of endpoint parameters for this method detected: 0
[main] INFO org.rest.Respector.AppMain.MainTransform - 22/51 analyzing endpoint method <com.datastax.mgmtapi.resources.NodeOpsResources: javax.ws.rs.core.Response reloadLocalSchema()>
[main] INFO org.rest.Respector.AppMain.MainTransform - total number of endpoint parameters for this method detected: 0
[main] INFO org.rest.Respector.AppMain.MainTransform - 23/51 analyzing endpoint method <com.datastax.mgmtapi.resources.NodeOpsResources: javax.ws.rs.core.Response getStreamInfo()>
[main] INFO org.rest.Respector.AppMain.MainTransform - total number of endpoint parameters for this method detected: 0
[main] INFO org.rest.Respector.AppMain.MainTransform - 24/51 analyzing endpoint method <com.datastax.mgmtapi.resources.NodeOpsResources: javax.ws.rs.core.Response getSnapshotDetails(java.util.List,java.util.List)>
[main] INFO org.rest.Respector.AppMain.MainTransform - total number of endpoint parameters for this method detected: 2
[main] INFO org.rest.Respector.AppMain.MainTransform - 25/51 analyzing endpoint method <com.datastax.mgmtapi.resources.NodeOpsResources: javax.ws.rs.core.Response takeSnapshot(com.datastax.mgmtapi.resources.models.TakeSnapshotRequest)>
[main] INFO org.rest.Respector.AppMain.MainTransform - total number of endpoint parameters for this method detected: 0
[main] INFO org.rest.Respector.AppMain.MainTransform - 26/51 analyzing endpoint method <com.datastax.mgmtapi.resources.NodeOpsResources: javax.ws.rs.core.Response clearSnapshots(java.util.List,java.util.List)>
[main] INFO org.rest.Respector.AppMain.MainTransform - total number of endpoint parameters for this method detected: 2
[main] INFO org.rest.Respector.AppMain.MainTransform - 27/51 analyzing endpoint method <com.datastax.mgmtapi.resources.NodeOpsResources: javax.ws.rs.core.Response repair(com.datastax.mgmtapi.resources.models.RepairRequest)>
[main] INFO org.rest.Respector.AppMain.MainTransform - total number of endpoint parameters for this method detected: 0
[main] INFO org.rest.Respector.AppMain.MainTransform - 28/51 analyzing endpoint method <com.datastax.mgmtapi.resources.NodeOpsResources: javax.ws.rs.core.Response setFullQuerylog(boolean)>
[main] INFO org.rest.Respector.AppMain.MainTransform - total number of endpoint parameters for this method detected: 1
[main] INFO org.rest.Respector.AppMain.MainTransform - 29/51 analyzing endpoint method <com.datastax.mgmtapi.resources.NodeOpsResources: javax.ws.rs.core.Response isFullQueryLogEnabled()>
[main] INFO org.rest.Respector.AppMain.MainTransform - total number of endpoint parameters for this method detected: 0
[main] INFO org.rest.Respector.AppMain.MainTransform - 30/51 analyzing endpoint method <com.datastax.mgmtapi.resources.NodeOpsResources: javax.ws.rs.core.Response move(java.lang.String)>
[main] INFO org.rest.Respector.AppMain.MainTransform - total number of endpoint parameters for this method detected: 1
[main] INFO org.rest.Respector.AppMain.MainTransform - 31/51 analyzing endpoint method <com.datastax.mgmtapi.resources.MetadataResources: javax.ws.rs.core.Response getReleaseVersion()>
[main] INFO org.rest.Respector.AppMain.MainTransform - total number of endpoint parameters for this method detected: 0
[main] INFO org.rest.Respector.AppMain.MainTransform - 32/51 analyzing endpoint method <com.datastax.mgmtapi.resources.MetadataResources: javax.ws.rs.core.Response getEndpointStates()>
[main] INFO org.rest.Respector.AppMain.MainTransform - total number of endpoint parameters for this method detected: 0
[main] INFO org.rest.Respector.AppMain.MainTransform - 33/51 analyzing endpoint method <com.datastax.mgmtapi.resources.MetadataResources: javax.ws.rs.core.Response getLocalDataCenter()>
[main] INFO org.rest.Respector.AppMain.MainTransform - total number of endpoint parameters for this method detected: 0
[main] INFO org.rest.Respector.AppMain.MainTransform - 34/51 analyzing endpoint method <com.datastax.mgmtapi.resources.MetadataResources: javax.ws.rs.core.Response getFeatureSet()>
[main] INFO org.rest.Respector.AppMain.MainTransform - total number of endpoint parameters for this method detected: 0
[main] INFO org.rest.Respector.AppMain.MainTransform - 35/51 analyzing endpoint method <com.datastax.mgmtapi.resources.LifecycleResources: javax.ws.rs.core.Response startNode(java.lang.String,java.lang.String)>
[main] INFO org.rest.Respector.AppMain.MainTransform - total number of endpoint parameters for this method detected: 2
[main] INFO org.rest.Respector.AppMain.MainTransform - 36/51 analyzing endpoint method <com.datastax.mgmtapi.resources.LifecycleResources: javax.ws.rs.core.Response stopNode()>
[main] INFO org.rest.Respector.AppMain.MainTransform - total number of endpoint parameters for this method detected: 0
[main] INFO org.rest.Respector.AppMain.MainTransform - 37/51 analyzing endpoint method <com.datastax.mgmtapi.resources.LifecycleResources: javax.ws.rs.core.Response configureNodeJson(java.lang.String,java.lang.String)>
[main] INFO org.rest.Respector.AppMain.MainTransform - total number of endpoint parameters for this method detected: 1
[main] INFO org.rest.Respector.AppMain.MainTransform - 38/51 analyzing endpoint method <com.datastax.mgmtapi.resources.LifecycleResources: javax.ws.rs.core.Response configureNode(java.lang.String,java.lang.String)>
[main] INFO org.rest.Respector.AppMain.MainTransform - 39/51 analyzing endpoint method <com.datastax.mgmtapi.resources.LifecycleResources: javax.ws.rs.core.Response getPID()>
[main] INFO org.rest.Respector.AppMain.MainTransform - total number of endpoint parameters for this method detected: 0
[main] INFO org.rest.Respector.AppMain.MainTransform - 40/51 analyzing endpoint method <com.datastax.mgmtapi.resources.KeyspaceOpsResources: javax.ws.rs.core.Response cleanup(com.datastax.mgmtapi.resources.models.KeyspaceRequest)>
[main] INFO org.rest.Respector.AppMain.MainTransform - total number of endpoint parameters for this method detected: 0
[main] INFO org.rest.Respector.AppMain.MainTransform - 41/51 analyzing endpoint method <com.datastax.mgmtapi.resources.KeyspaceOpsResources: javax.ws.rs.core.Response refresh(java.lang.String,java.lang.String)>
[main] INFO org.rest.Respector.AppMain.MainTransform - total number of endpoint parameters for this method detected: 2
[main] INFO org.rest.Respector.AppMain.MainTransform - 42/51 analyzing endpoint method <com.datastax.mgmtapi.resources.KeyspaceOpsResources: javax.ws.rs.core.Response create(com.datastax.mgmtapi.resources.models.CreateOrAlterKeyspaceRequest)>
[main] INFO org.rest.Respector.AppMain.MainTransform - total number of endpoint parameters for this method detected: 0
[main] INFO org.rest.Respector.AppMain.MainTransform - 43/51 analyzing endpoint method <com.datastax.mgmtapi.resources.KeyspaceOpsResources: javax.ws.rs.core.Response alter(com.datastax.mgmtapi.resources.models.CreateOrAlterKeyspaceRequest)>
[main] INFO org.rest.Respector.AppMain.MainTransform - total number of endpoint parameters for this method detected: 0
[main] INFO org.rest.Respector.AppMain.MainTransform - 44/51 analyzing endpoint method <com.datastax.mgmtapi.resources.KeyspaceOpsResources: javax.ws.rs.core.Response list(java.lang.String)>
[main] INFO org.rest.Respector.AppMain.MainTransform - total number of endpoint parameters for this method detected: 1
[main] INFO org.rest.Respector.AppMain.MainTransform - 45/51 analyzing endpoint method <com.datastax.mgmtapi.resources.KeyspaceOpsResources: javax.ws.rs.core.Response getReplication(java.lang.String)>
[main] INFO org.rest.Respector.AppMain.MainTransform - total number of endpoint parameters for this method detected: 1
[main] INFO org.rest.Respector.AppMain.MainTransform - 46/51 analyzing endpoint method <com.datastax.mgmtapi.resources.K8OperatorResources: javax.ws.rs.core.Response checkLiveness()>
[main] INFO org.rest.Respector.AppMain.MainTransform - total number of endpoint parameters for this method detected: 0
[main] INFO org.rest.Respector.AppMain.MainTransform - 47/51 analyzing endpoint method <com.datastax.mgmtapi.resources.K8OperatorResources: javax.ws.rs.core.Response checkReadiness()>
[main] INFO org.rest.Respector.AppMain.MainTransform - total number of endpoint parameters for this method detected: 0
[main] INFO org.rest.Respector.AppMain.MainTransform - 48/51 analyzing endpoint method <com.datastax.mgmtapi.resources.K8OperatorResources: javax.ws.rs.core.Response checkClusterConsistency(java.lang.String,java.lang.Integer)>
[main] INFO org.rest.Respector.AppMain.MainTransform - total number of endpoint parameters for this method detected: 2
[main] INFO org.rest.Respector.AppMain.MainTransform - 49/51 analyzing endpoint method <com.datastax.mgmtapi.resources.K8OperatorResources: javax.ws.rs.core.Response seedReload()>
[main] INFO org.rest.Respector.AppMain.MainTransform - total number of endpoint parameters for this method detected: 0
[main] INFO org.rest.Respector.AppMain.MainTransform - 50/51 analyzing endpoint method <com.datastax.mgmtapi.resources.K8OperatorResources: javax.ws.rs.core.Response getJobStatus(java.lang.String)>
[main] INFO org.rest.Respector.AppMain.MainTransform - total number of endpoint parameters for this method detected: 1
[main] INFO org.rest.Respector.AppMain.MainTransform - 51/51 analyzing endpoint method <com.datastax.mgmtapi.resources.AuthResources: javax.ws.rs.core.Response createRole(java.lang.String,java.lang.Boolean,java.lang.Boolean,java.lang.String)>
[main] INFO org.rest.Respector.AppMain.MainTransform - total number of endpoint parameters for this method detected: 4

real	0m11.944s
user	0m18.894s
sys	0m0.427s
